#
# A fatal error has been detected by the Java Runtime Environment:
#
#  EXCEPTION_ACCESS_VIOLATION (0xc0000005) at pc=0x000000005c024439, pid=13964, tid=12812
#
# JRE version: Java(TM) SE Runtime Environment (7.0_80-b15) (build 1.7.0_80-b15)
# Java VM: Java HotSpot(TM) 64-Bit Server VM (24.80-b11 mixed mode windows-amd64 compressed oops)
# Problematic frame:
# V  [jvm.dll+0x54439]
#
# Failed to write core dump. Minidumps are not enabled by default on client versions of Windows
#
# If you would like to submit a bug report, please visit:
#   http://bugreport.java.com/bugreport/crash.jsp
#

---------------  T H R E A D  ---------------

Current thread (0x000000001267a000):  JavaThread "JDWP Transport Listener: dt_socket" daemon [_thread_in_vm, id=12812, stack(0x0000000012c40000,0x0000000012d40000)]

siginfo: ExceptionCode=0xc0000005, reading address 0x000000000000000c

Registers:
RAX=0x000000000000000c, RBX=0x000000001267a000, RCX=0x0000000000000003, RDX=0x0000000000000000
RSP=0x0000000012d3f540, RBP=0x000000000000000c, RSI=0x0000000000000000, RDI=0x0000000000000010
R8 =0x00000007abd4d178, R9 =0x0000000000000000, R10=0x0000000000000000, R11=0x0000000000000001
R12=0x0000000000000000, R13=0x000000001065c9a8, R14=0x0000000000000000, R15=0x0000000000000000
RIP=0x000000005c024439, EFLAGS=0x0000000000010246

Top of Stack: (sp=0x0000000012d3f540)
0x0000000012d3f540:   000000001267a000 0000000000000000
0x0000000012d3f550:   0000000000000000 000000001267a000
0x0000000012d3f560:   0000000000000000 000000005c0edad7
0x0000000012d3f570:   00000007abd4d178 0000000012d3f690
0x0000000012d3f580:   000000001269c3a0 0000000012d3f660
0x0000000012d3f590:   000000001267a000 0000000000000000
0x0000000012d3f5a0:   000000001269c3a0 0000000012d3f690
0x0000000012d3f5b0:   0000000000000000 000000001065c9a8
0x0000000012d3f5c0:   0000000000000000 000000005bf67d15
0x0000000012d3f5d0:   0000000012d3f660 0000000012d3f690
0x0000000012d3f5e0:   000000001269c3a0 000000001267a1e8
0x0000000012d3f5f0:   000000001406670a 000000005bf6f090
0x0000000012d3f600:   0000000010010a01 0000000012d3f700
0x0000000012d3f610:   000000001065c501 000000001065c501
0x0000000012d3f620:   0000b03c00000013 0000000010010a00
0x0000000012d3f630:   0000000012679b90 000000005c15ec1a 

Instructions: (pc=0x000000005c024439)
0x000000005c024419:   d2 48 8b c5 eb 18 48 8b d0 48 8b c5 48 d3 e2 48
0x000000005c024429:   03 15 81 64 6a 00 eb 06 48 8b 12 48 8b c7 48 98
0x000000005c024439:   8b 14 10 85 d2 74 2a 45 84 db 4c 63 c6 48 0f 45
0x000000005c024449:   fd 8d 47 0b 48 63 c8 48 83 e1 f8 48 c1 e9 03 8d 


Register to memory mapping:

RAX=0x000000000000000c is an unknown value
RBX=0x000000001267a000 is a thread
RCX=0x0000000000000003 is an unknown value
RDX=0x0000000000000000 is an unknown value
RSP=0x0000000012d3f540 is pointing into the stack for thread: 0x000000001267a000
RBP=0x000000000000000c is an unknown value
RSI=0x0000000000000000 is an unknown value
RDI=0x0000000000000010 is an unknown value
R8 =0x00000007abd4d178 is an oop
java.lang.String 
 - klass: 'java/lang/String'
R9 =0x0000000000000000 is an unknown value
R10=0x0000000000000000 is an unknown value
R11=0x0000000000000001 is an unknown value
R12=0x0000000000000000 is an unknown value
R13=0x000000001065c9a8 is an unknown value
R14=0x0000000000000000 is an unknown value
R15=0x0000000000000000 is an unknown value


Stack: [0x0000000012c40000,0x0000000012d40000],  sp=0x0000000012d3f540,  free space=1021k
Native frames: (J=compiled Java code, j=interpreted, Vv=VM code, C=native code)
V  [jvm.dll+0x54439]


---------------  P R O C E S S  ---------------

Java Threads: ( => current thread )
  0x0000000017217800 JavaThread "Abandoned connection cleanup thread" daemon [_thread_blocked, id=12656, stack(0x0000000014c10000,0x0000000014d10000)]
  0x0000000013f9c800 JavaThread "ReaderThread" [_thread_in_native, id=11552, stack(0x0000000014b10000,0x0000000014c10000)]
  0x0000000012a3e800 JavaThread "Service Thread" daemon [_thread_blocked, id=11932, stack(0x0000000013940000,0x0000000013a40000)]
  0x0000000012fa7800 JavaThread "C2 CompilerThread1" daemon [_thread_blocked, id=13612, stack(0x0000000013840000,0x0000000013940000)]
  0x0000000012fa7000 JavaThread "C2 CompilerThread0" daemon [_thread_blocked, id=13720, stack(0x0000000013740000,0x0000000013840000)]
  0x000000001268b800 JavaThread "JDWP Command Reader" daemon [_thread_in_native, id=244, stack(0x0000000012e40000,0x0000000012f40000)]
  0x000000001268b000 JavaThread "JDWP Event Helper Thread" daemon [_thread_blocked, id=9808, stack(0x0000000012d40000,0x0000000012e40000)]
=>0x000000001267a000 JavaThread "JDWP Transport Listener: dt_socket" daemon [_thread_in_vm, id=12812, stack(0x0000000012c40000,0x0000000012d40000)]
  0x000000001065e000 JavaThread "Attach Listener" daemon [_thread_blocked, id=18148, stack(0x0000000012b40000,0x0000000012c40000)]
  0x0000000012673000 JavaThread "Signal Dispatcher" daemon [_thread_blocked, id=18588, stack(0x0000000012a40000,0x0000000012b40000)]
  0x00000000033a1800 JavaThread "Finalizer" daemon [_thread_blocked, id=19944, stack(0x0000000012540000,0x0000000012640000)]
  0x000000000339b000 JavaThread "Reference Handler" daemon [_thread_blocked, id=17128, stack(0x0000000012440000,0x0000000012540000)]
  0x00000000032b5000 JavaThread "main" [_thread_blocked, id=21472, stack(0x00000000030a0000,0x00000000031a0000)]

Other Threads:
  0x0000000010645000 VMThread [stack: 0x0000000012340000,0x0000000012440000] [id=20776]
  0x0000000013016800 WatcherThread [stack: 0x0000000013a40000,0x0000000013b40000] [id=12456]

VM state:not at safepoint (normal execution)

VM Mutex/Monitor currently owned by a thread: None

Heap
 PSYoungGen      total 76288K, used 20745K [0x00000007ab300000, 0x00000007b0800000, 0x0000000800000000)
  eden space 65536K, 16% used [0x00000007ab300000,0x00000007abda87e0,0x00000007af300000)
  from space 10752K, 91% used [0x00000007af300000,0x00000007afc99d48,0x00000007afd80000)
  to   space 10752K, 0% used [0x00000007afd80000,0x00000007afd80000,0x00000007b0800000)
 ParOldGen       total 173568K, used 88K [0x0000000701a00000, 0x000000070c380000, 0x00000007ab300000)
  object space 173568K, 0% used [0x0000000701a00000,0x0000000701a16010,0x000000070c380000)
 PSPermGen       total 23040K, used 22949K [0x00000006fc800000, 0x00000006fde80000, 0x0000000701a00000)
  object space 23040K, 99% used [0x00000006fc800000,0x00000006fde69460,0x00000006fde80000)

Card table byte_map: [0x0000000006510000,0x0000000006d30000] byte_map_base: 0x0000000002d2c000

Polling page: 0x0000000002f40000

Code Cache  [0x0000000003510000, 0x0000000003780000, 0x0000000006510000)
 total_blobs=715 nmethods=328 adapters=347 free_code_cache=47240Kb largest_free_block=48345728

Compilation events (10 events):
Event: 4.564 Thread 0x0000000012fa7800  342             java.util.WeakHashMap::get (77 bytes)
Event: 4.568 Thread 0x0000000012fa7800 nmethod 342 0x00000000036ebed0 code [0x00000000036ec040, 0x00000000036ec428]
Event: 4.572 Thread 0x0000000012fa7000  343             org.aspectj.weaver.Iterators$6::hasNext (30 bytes)
Event: 4.573 Thread 0x0000000012fa7800  344             sun.reflect.generics.parser.SignatureParser::advance (37 bytes)
Event: 4.573 Thread 0x0000000012fa7800 nmethod 344 0x00000000036ebcd0 code [0x00000000036ebe00, 0x00000000036ebe58]
Event: 4.576 Thread 0x0000000012fa7000 nmethod 343 0x00000000036eeb10 code [0x00000000036eed00, 0x00000000036ef498]
Event: 4.578 Thread 0x0000000012fa7800  345             java.lang.ref.Reference::<init> (7 bytes)
Event: 4.579 Thread 0x0000000012fa7800 nmethod 345 0x00000000036ee8d0 code [0x00000000036eea00, 0x00000000036eea98]
Event: 4.604 Thread 0x0000000012fa7000  346             sun.reflect.generics.parser.SignatureParser::parseIdentifier (115 bytes)
Event: 4.616 Thread 0x0000000012fa7000 nmethod 346 0x00000000036f12d0 code [0x00000000036f1480, 0x00000000036f1fc8]

GC Heap History (6 events):
Event: 2.215 GC heap before
{Heap before GC invocations=1 (full 0):
 PSYoungGen      total 76288K, used 65536K [0x00000007ab300000, 0x00000007b0800000, 0x0000000800000000)
  eden space 65536K, 100% used [0x00000007ab300000,0x00000007af300000,0x00000007af300000)
  from space 10752K, 0% used [0x00000007afd80000,0x00000007afd80000,0x00000007b0800000)
  to   space 10752K, 0% used [0x00000007af300000,0x00000007af300000,0x00000007afd80000)
 ParOldGen       total 173568K, used 0K [0x0000000701a00000, 0x000000070c380000, 0x00000007ab300000)
  object space 173568K, 0% used [0x0000000701a00000,0x0000000701a00000,0x000000070c380000)
 PSPermGen       total 21504K, used 12255K [0x00000006fc800000, 0x00000006fdd00000, 0x0000000701a00000)
  object space 21504K, 56% used [0x00000006fc800000,0x00000006fd3f7d30,0x00000006fdd00000)
Event: 2.224 GC heap after
Heap after GC invocations=1 (full 0):
 PSYoungGen      total 76288K, used 7926K [0x00000007ab300000, 0x00000007b0800000, 0x0000000800000000)
  eden space 65536K, 0% used [0x00000007ab300000,0x00000007ab300000,0x00000007af300000)
  from space 10752K, 73% used [0x00000007af300000,0x00000007afabd848,0x00000007afd80000)
  to   space 10752K, 0% used [0x00000007afd80000,0x00000007afd80000,0x00000007b0800000)
 ParOldGen       total 173568K, used 72K [0x0000000701a00000, 0x000000070c380000, 0x00000007ab300000)
  object space 173568K, 0% used [0x0000000701a00000,0x0000000701a12010,0x000000070c380000)
 PSPermGen       total 21504K, used 12255K [0x00000006fc800000, 0x00000006fdd00000, 0x0000000701a00000)
  object space 21504K, 56% used [0x00000006fc800000,0x00000006fd3f7d30,0x00000006fdd00000)
}
Event: 3.329 GC heap before
{Heap before GC invocations=2 (full 0):
 PSYoungGen      total 76288K, used 73462K [0x00000007ab300000, 0x00000007b0800000, 0x0000000800000000)
  eden space 65536K, 100% used [0x00000007ab300000,0x00000007af300000,0x00000007af300000)
  from space 10752K, 73% used [0x00000007af300000,0x00000007afabd848,0x00000007afd80000)
  to   space 10752K, 0% used [0x00000007afd80000,0x00000007afd80000,0x00000007b0800000)
 ParOldGen       total 173568K, used 72K [0x0000000701a00000, 0x000000070c380000, 0x00000007ab300000)
  object space 173568K, 0% used [0x0000000701a00000,0x0000000701a12010,0x000000070c380000)
 PSPermGen       total 21504K, used 16277K [0x00000006fc800000, 0x00000006fdd00000, 0x0000000701a00000)
  object space 21504K, 75% used [0x00000006fc800000,0x00000006fd7e56e0,0x00000006fdd00000)
Event: 3.339 GC heap after
Heap after GC invocations=2 (full 0):
 PSYoungGen      total 76288K, used 7817K [0x00000007ab300000, 0x00000007b0800000, 0x0000000800000000)
  eden space 65536K, 0% used [0x00000007ab300000,0x00000007ab300000,0x00000007af300000)
  from space 10752K, 72% used [0x00000007afd80000,0x00000007b0522458,0x00000007b0800000)
  to   space 10752K, 0% used [0x00000007af300000,0x00000007af300000,0x00000007afd80000)
 ParOldGen       total 173568K, used 80K [0x0000000701a00000, 0x000000070c380000, 0x00000007ab300000)
  object space 173568K, 0% used [0x0000000701a00000,0x0000000701a14010,0x000000070c380000)
 PSPermGen       total 21504K, used 16277K [0x00000006fc800000, 0x00000006fdd00000, 0x0000000701a00000)
  object space 21504K, 75% used [0x00000006fc800000,0x00000006fd7e56e0,0x00000006fdd00000)
}
Event: 4.433 GC heap before
{Heap before GC invocations=3 (full 0):
 PSYoungGen      total 76288K, used 73353K [0x00000007ab300000, 0x00000007b0800000, 0x0000000800000000)
  eden space 65536K, 100% used [0x00000007ab300000,0x00000007af300000,0x00000007af300000)
  from space 10752K, 72% used [0x00000007afd80000,0x00000007b0522458,0x00000007b0800000)
  to   space 10752K, 0% used [0x00000007af300000,0x00000007af300000,0x00000007afd80000)
 ParOldGen       total 173568K, used 80K [0x0000000701a00000, 0x000000070c380000, 0x00000007ab300000)
  object space 173568K, 0% used [0x0000000701a00000,0x0000000701a14010,0x000000070c380000)
 PSPermGen       total 22528K, used 22449K [0x00000006fc800000, 0x00000006fde00000, 0x0000000701a00000)
  object space 22528K, 99% used [0x00000006fc800000,0x00000006fddec6a0,0x00000006fde00000)
Event: 4.442 GC heap after
Heap after GC invocations=3 (full 0):
 PSYoungGen      total 76288K, used 9831K [0x00000007ab300000, 0x00000007b0800000, 0x0000000800000000)
  eden space 65536K, 0% used [0x00000007ab300000,0x00000007ab300000,0x00000007af300000)
  from space 10752K, 91% used [0x00000007af300000,0x00000007afc99d48,0x00000007afd80000)
  to   space 10752K, 0% used [0x00000007afd80000,0x00000007afd80000,0x00000007b0800000)
 ParOldGen       total 173568K, used 88K [0x0000000701a00000, 0x000000070c380000, 0x00000007ab300000)
  object space 173568K, 0% used [0x0000000701a00000,0x0000000701a16010,0x000000070c380000)
 PSPermGen       total 22528K, used 22449K [0x00000006fc800000, 0x00000006fde00000, 0x0000000701a00000)
  object space 22528K, 99% used [0x00000006fc800000,0x00000006fddec6a0,0x00000006fde00000)
}

Deoptimization events (10 events):
Event: 4.574 Thread 0x00000000032b5000 Uncommon trap: reason=class_check action=maybe_recompile pc=0x0000000003576a18 method=java.lang.String.equals(Ljava/lang/Object;)Z @ 8
Event: 4.574 Thread 0x00000000032b5000 Uncommon trap: reason=class_check action=maybe_recompile pc=0x0000000003576a18 method=java.lang.String.equals(Ljava/lang/Object;)Z @ 8
Event: 4.574 Thread 0x00000000032b5000 Uncommon trap: reason=class_check action=maybe_recompile pc=0x0000000003576a18 method=java.lang.String.equals(Ljava/lang/Object;)Z @ 8
Event: 4.578 Thread 0x00000000032b5000 Uncommon trap: reason=range_check action=none pc=0x0000000003602264 method=sun.reflect.generics.parser.SignatureParser.current()C @ 34
Event: 4.580 Thread 0x00000000032b5000 Uncommon trap: reason=range_check action=none pc=0x0000000003602264 method=sun.reflect.generics.parser.SignatureParser.current()C @ 34
Event: 4.603 Thread 0x00000000032b5000 Uncommon trap: reason=range_check action=none pc=0x0000000003602264 method=sun.reflect.generics.parser.SignatureParser.current()C @ 34
Event: 4.604 Thread 0x00000000032b5000 Uncommon trap: reason=range_check action=none pc=0x0000000003602264 method=sun.reflect.generics.parser.SignatureParser.current()C @ 34
Event: 4.604 Thread 0x00000000032b5000 Uncommon trap: reason=range_check action=none pc=0x0000000003602264 method=sun.reflect.generics.parser.SignatureParser.current()C @ 34
Event: 4.604 Thread 0x00000000032b5000 Uncommon trap: reason=range_check action=none pc=0x0000000003602264 method=sun.reflect.generics.parser.SignatureParser.current()C @ 34
Event: 4.604 Thread 0x00000000032b5000 Uncommon trap: reason=range_check action=none pc=0x0000000003602264 method=sun.reflect.generics.parser.SignatureParser.current()C @ 34

Internal exceptions (10 events):
Event: 4.603 Thread 0x00000000032b5000 Threw 0x00000007abcc3e20 at C:\re\jdk7u80\2329\hotspot\src\share\vm\prims\jvm.cpp:1319
Event: 4.604 Thread 0x00000000032b5000 Threw 0x00000007abcd1258 at C:\re\jdk7u80\2329\hotspot\src\share\vm\prims\jvm.cpp:1319
Event: 4.604 Thread 0x00000000032b5000 Threw 0x00000007abcd1520 at C:\re\jdk7u80\2329\hotspot\src\share\vm\classfile\systemDictionary.cpp:185
Event: 4.604 Thread 0x00000000032b5000 Threw 0x00000007abcd3230 at C:\re\jdk7u80\2329\hotspot\src\share\vm\interpreter\interpreterRuntime.cpp:347
Event: 4.604 Thread 0x00000000032b5000 Threw 0x00000007abcd5560 at C:\re\jdk7u80\2329\hotspot\src\share\vm\interpreter\interpreterRuntime.cpp:347
Event: 4.604 Thread 0x00000000032b5000 Threw 0x00000007abcd70d8 at C:\re\jdk7u80\2329\hotspot\src\share\vm\interpreter\interpreterRuntime.cpp:347
Event: 4.604 Thread 0x00000000032b5000 Threw 0x00000007abcd8f70 at C:\re\jdk7u80\2329\hotspot\src\share\vm\interpreter\interpreterRuntime.cpp:347
Event: 4.605 Thread 0x00000000032b5000 Threw 0x00000007abce2260 at C:\re\jdk7u80\2329\hotspot\src\share\vm\prims\jvm.cpp:1319
Event: 4.609 Thread 0x00000000032b5000 Threw 0x00000007abd20350 at C:\re\jdk7u80\2329\hotspot\src\share\vm\prims\jvm.cpp:1319
Event: 4.610 Thread 0x00000000032b5000 Threw 0x00000007abd34498 at C:\re\jdk7u80\2329\hotspot\src\share\vm\prims\jvm.cpp:1319

Events (10 events):
Event: 99.487 Executing VM operation: GetOrSetLocal
Event: 99.487 Executing VM operation: GetOrSetLocal done
Event: 99.793 Executing VM operation: GetOrSetLocal
Event: 99.793 Executing VM operation: GetOrSetLocal done
Event: 99.794 Executing VM operation: GetOrSetLocal
Event: 99.794 Executing VM operation: GetOrSetLocal done
Event: 99.794 Executing VM operation: GetOrSetLocal
Event: 99.794 Executing VM operation: GetOrSetLocal done
Event: 99.795 Executing VM operation: GetOrSetLocal
Event: 99.795 Executing VM operation: GetOrSetLocal done


Dynamic libraries:
0x00007ff606ca0000 - 0x00007ff606cd3000 	C:\Program Files\Java\jdk1.7.0_80\bin\javaw.exe
0x00007ffa45020000 - 0x00007ffa45210000 	C:\Windows\SYSTEM32\ntdll.dll
0x00007ffa43fa0000 - 0x00007ffa44052000 	C:\Windows\System32\KERNEL32.DLL
0x00007ffa42a40000 - 0x00007ffa42ce5000 	C:\Windows\System32\KERNELBASE.dll
0x00007ffa43dd0000 - 0x00007ffa43e73000 	C:\Windows\System32\ADVAPI32.dll
0x00007ffa431a0000 - 0x00007ffa4323e000 	C:\Windows\System32\msvcrt.dll
0x00007ffa44d60000 - 0x00007ffa44df7000 	C:\Windows\System32\sechost.dll
0x00007ffa43e80000 - 0x00007ffa43f9f000 	C:\Windows\System32\RPCRT4.dll
0x00007ffa43470000 - 0x00007ffa43604000 	C:\Windows\System32\USER32.dll
0x00007ffa42d50000 - 0x00007ffa42d71000 	C:\Windows\System32\win32u.dll
0x00007ffa44fb0000 - 0x00007ffa44fd6000 	C:\Windows\System32\GDI32.dll
0x00007ffa42880000 - 0x00007ffa42a18000 	C:\Windows\System32\gdi32full.dll
0x00007ffa42030000 - 0x00007ffa420ce000 	C:\Windows\System32\msvcp_win.dll
0x00007ffa42d80000 - 0x00007ffa42e7a000 	C:\Windows\System32\ucrtbase.dll
0x00007ffa2c690000 - 0x00007ffa2c914000 	C:\Windows\WinSxS\amd64_microsoft.windows.common-controls_6595b64144ccf1df_6.0.18362.1379_none_9e7ff3b3e45cc0c4\COMCTL32.dll
0x00007ffa44840000 - 0x00007ffa44b77000 	C:\Windows\System32\combase.dll
0x00007ffa41fa0000 - 0x00007ffa42021000 	C:\Windows\System32\bcryptPrimitives.dll
0x00007ffa432b0000 - 0x00007ffa432de000 	C:\Windows\System32\IMM32.DLL
0x00007ffa11750000 - 0x00007ffa117ee000 	C:\Windows\INCOPS3\esdcnl64.dll
0x00007ffa3b900000 - 0x00007ffa3b90a000 	C:\Windows\SYSTEM32\VERSION.dll
0x00007ffa40e90000 - 0x00007ffa40ec1000 	C:\Windows\SYSTEM32\ntmarta.dll
0x00007ffa34520000 - 0x00007ffa345fa000 	C:\Windows\INCOPS3\ESATM64.dll
0x0000000002350000 - 0x0000000002a38000 	C:\Windows\System32\SHELL32.dll
0x00007ffa42fd0000 - 0x00007ffa4301a000 	C:\Windows\System32\cfgmgr32.dll
0x00007ffa44b80000 - 0x00007ffa44c27000 	C:\Windows\System32\shcore.dll
0x00007ffa420d0000 - 0x00007ffa4284b000 	C:\Windows\System32\windows.storage.dll
0x00007ffa41f70000 - 0x00007ffa41f93000 	C:\Windows\System32\profapi.dll
0x00007ffa41ee0000 - 0x00007ffa41f2a000 	C:\Windows\System32\powrprof.dll
0x00007ffa41ed0000 - 0x00007ffa41ee0000 	C:\Windows\System32\UMPDC.dll
0x0000000002250000 - 0x00000000022a2000 	C:\Windows\System32\shlwapi.dll
0x00007ffa41f30000 - 0x00007ffa41f41000 	C:\Windows\System32\kernel.appcore.dll
0x00007ffa42a20000 - 0x00007ffa42a37000 	C:\Windows\System32\cryptsp.dll
0x00007ffa43a90000 - 0x00007ffa43be7000 	C:\Windows\System32\ole32.dll
0x00007ffa43d50000 - 0x00007ffa43dbf000 	C:\Windows\System32\WS2_32.dll
0x00007ffa1ba60000 - 0x00007ffa1ba69000 	C:\Windows\SYSTEM32\WSOCK32.dll
0x00007ff9f1960000 - 0x00007ff9f1a41000 	C:\Windows\INCOPS3\ESSCNL64.dll
0x000000005c7b0000 - 0x000000005c882000 	C:\Program Files\Java\jdk1.7.0_80\jre\bin\msvcr100.dll
0x000000005bfd0000 - 0x000000005c7a9000 	C:\Program Files\Java\jdk1.7.0_80\jre\bin\server\jvm.dll
0x00007ffa43610000 - 0x00007ffa43618000 	C:\Windows\System32\PSAPI.DLL
0x00007ffa3cfc0000 - 0x00007ffa3cfe4000 	C:\Windows\SYSTEM32\WINMM.dll
0x00007ffa3cf90000 - 0x00007ffa3cfbd000 	C:\Windows\SYSTEM32\WINMMBASE.dll
0x000000005ea30000 - 0x000000005ea3f000 	C:\Program Files\Java\jdk1.7.0_80\jre\bin\verify.dll
0x000000005bfa0000 - 0x000000005bfc8000 	C:\Program Files\Java\jdk1.7.0_80\jre\bin\java.dll
0x000000005bf60000 - 0x000000005bf95000 	C:\Program Files\Java\jdk1.7.0_80\jre\bin\jdwp.dll
0x000000005ea20000 - 0x000000005ea28000 	C:\Program Files\Java\jdk1.7.0_80\jre\bin\npt.dll
0x000000005bf30000 - 0x000000005bf53000 	C:\Program Files\Java\jdk1.7.0_80\jre\bin\instrument.dll
0x000000005bf10000 - 0x000000005bf26000 	C:\Program Files\Java\jdk1.7.0_80\jre\bin\zip.dll
0x000000005bf00000 - 0x000000005bf09000 	C:\Program Files\Java\jdk1.7.0_80\jre\bin\dt_socket.dll
0x00007ffa1b930000 - 0x00007ffa1b946000 	C:\Windows\system32\napinsp.dll
0x00007ffa1b900000 - 0x00007ffa1b91a000 	C:\Windows\system32\pnrpnsp.dll
0x00007ffa416c0000 - 0x00007ffa41727000 	C:\Windows\System32\mswsock.dll
0x00007ffa41420000 - 0x00007ffa414eb000 	C:\Windows\SYSTEM32\DNSAPI.dll
0x0000000002ff0000 - 0x0000000002ff8000 	C:\Windows\System32\NSI.dll
0x00007ffa413e0000 - 0x00007ffa4141a000 	C:\Windows\SYSTEM32\IPHLPAPI.DLL
0x00007ffa1b920000 - 0x00007ffa1b92e000 	C:\Windows\System32\winrnr.dll
0x00007ffa3e1f0000 - 0x00007ffa3e20c000 	C:\Windows\system32\NLAapi.dll
0x00007ffa3d430000 - 0x00007ffa3d445000 	C:\Windows\system32\wshbth.dll
0x00007ffa39100000 - 0x00007ffa39177000 	C:\Windows\System32\fwpuclnt.dll
0x00007ffa42850000 - 0x00007ffa42876000 	C:\Windows\System32\bcrypt.dll
0x00007ffa3b8d0000 - 0x00007ffa3b8da000 	C:\Windows\System32\rasadhlp.dll
0x000000005bee0000 - 0x000000005befa000 	C:\Program Files\Java\jdk1.7.0_80\jre\bin\net.dll
0x000000005bec0000 - 0x000000005bed1000 	C:\Program Files\Java\jdk1.7.0_80\jre\bin\nio.dll
0x00007ffa40740000 - 0x00007ffa40934000 	C:\Windows\SYSTEM32\dbghelp.dll

VM Arguments:
jvm_args: -agentlib:jdwp=transport=dt_socket,suspend=y,address=localhost:57648 -javaagent:D:\eGovFrameDev-3.10.0-64bit\eclipse\configuration\org.eclipse.osgi\413\0\.cp\lib\javaagent-shaded.jar -Dfile.encoding=UTF-8 
java_command: org.eclipse.jdt.internal.junit.runner.RemoteTestRunner -version 3 -port 57647 -testLoaderClass org.eclipse.jdt.internal.junit4.runner.JUnit4TestLoader -loaderpluginname org.eclipse.jdt.junit4.runtime -classNames com.bizentro.unimes.tracking.testcase.service.common.codemanage.CodeTest
Launcher Type: SUN_STANDARD

Environment Variables:
JAVA_HOME=C:\Program Files\Java\jdk1.7.0_80
PATH=C:\Program Files\Java\jdk1.7.0_80\jre\bin;C:/Program Files/AdoptOpenJDK/jdk-11.0.10.9-hotspot/bin/client;C:/Program Files/AdoptOpenJDK/jdk-11.0.10.9-hotspot/bin;C:\Program Files\AdoptOpenJDK\jdk-11.0.10.9-hotspot\bin;C:\Windows\system32;C:\Windows;C:\Windows\System32\Wbem;C:\Windows\System32\WindowsPowerShell\v1.0\;C:\Windows\System32\OpenSSH\;C:\Program Files\Intel\WiFi\bin\;C:\Program Files\Common Files\Intel\WirelessCommon\;C:\Program Files (x86)\NVIDIA Corporation\PhysX\Common;C:\Program Files\NVIDIA Corporation\NVIDIA NvDLISR;C:\Program Files (x86)\Microsoft SQL Server\140\Tools\Binn\;C:\Program Files\Microsoft SQL Server\140\Tools\Binn\;C:\Program Files (x86)\Microsoft SQL Server\140\DTS\Binn\;C:\Program Files\Microsoft SQL Server\140\DTS\Binn\;C:\Program Files\Microsoft SQL Server\Client SDK\ODBC\130\Tools\Binn\;C:\Users\user\.dnx\bin;C:\Program Files\Microsoft DNX\Dnvm\;C:\Program Files\Microsoft SQL Server\130\Tools\Binn\;C:\Program Files (x86)\Microsoft SQL Server\150\DTS\Binn\;C:\Program Files\Azure Data Studio\bin;D:\Git\cmd;D:\apache-maven-3.6.3\bin;C:\Program Files\Java\jdk1.7.0_80\bin;C:\Program Files\MySQL\MySQL Utilities 1.6\;C:\Users\user\AppData\Local\Microsoft\WindowsApps;C:\Program Files\JetBrains\PyCharm Community Edition 2020.3.2\bin;C:\Program Files\Azure Data Studio\bin;C:\Program Files\Java\jdk1.7.0_80\bin;C:\Users\user\AppData\Local\Programs\Microsoft VS Code\bin;D:\eGovFrameDev-3.10.0-64bit\eclipse;
USERNAME=user
OS=Windows_NT
PROCESSOR_IDENTIFIER=Intel64 Family 6 Model 142 Stepping 12, GenuineIntel



---------------  S Y S T E M  ---------------

OS: Windows 8.1 , 64 bit Build 9600 

CPU:total 8 (4 cores per cpu, 2 threads per core) family 6 model 142 stepping 12, cmov, cx8, fxsr, mmx, sse, sse2, sse3, ssse3, sse4.1, sse4.2, popcnt, avx, avx2, aes, erms, ht, tsc, tscinvbit

Memory: 4k page, physical 16666096k(8923808k free), swap 19156464k(6137316k free)

vm_info: Java HotSpot(TM) 64-Bit Server VM (24.80-b11) for windows-amd64 JRE (1.7.0_80-b15), built on Apr 10 2015 11:26:34 by "java_re" with unknown MS VC++:1600

time: Wed Mar 10 17:22:37 2021
elapsed time: 99 seconds

