#
# A fatal error has been detected by the Java Runtime Environment:
#
#  EXCEPTION_ACCESS_VIOLATION (0xc0000005) at pc=0x0000000066454439, pid=14360, tid=19532
#
# JRE version: Java(TM) SE Runtime Environment (7.0_80-b15) (build 1.7.0_80-b15)
# Java VM: Java HotSpot(TM) 64-Bit Server VM (24.80-b11 mixed mode windows-amd64 compressed oops)
# Problematic frame:
# V  [jvm.dll+0x54439]
#
# Failed to write core dump. Minidumps are not enabled by default on client versions of Windows
#
# If you would like to submit a bug report, please visit:
#   http://bugreport.java.com/bugreport/crash.jsp
#

---------------  T H R E A D  ---------------

Current thread (0x000000001228b800):  JavaThread "JDWP Transport Listener: dt_socket" daemon [_thread_in_vm, id=19532, stack(0x0000000012850000,0x0000000012950000)]

siginfo: ExceptionCode=0xc0000005, reading address 0x000000000000000c

Registers:
RAX=0x000000000000000c, RBX=0x000000001228b800, RCX=0x0000000000000003, RDX=0x0000000000000000
RSP=0x000000001294f5c0, RBP=0x000000000000000c, RSI=0x0000000000000000, RDI=0x0000000000000010
R8 =0x00000007aefd9c68, R9 =0x0000000000000000, R10=0x0000000000000000, R11=0x0000000000000001
R12=0x0000000000000000, R13=0x0000000012282c08, R14=0x0000000000000000, R15=0x0000000000000000
RIP=0x0000000066454439, EFLAGS=0x0000000000010246

Top of Stack: (sp=0x000000001294f5c0)
0x000000001294f5c0:   000000001228b800 0000000000000000
0x000000001294f5d0:   0000000000000000 000000001228b800
0x000000001294f5e0:   0000000000000000 000000006651dad7
0x000000001294f5f0:   00000007aefd9c68 000000001294f710
0x000000001294f600:   0000000010287128 000000001294f6e0
0x000000001294f610:   000000001228b800 0000000000000000
0x000000001294f620:   0000000010287128 000000001294f710
0x000000001294f630:   0000000000000000 0000000012282c08
0x000000001294f640:   0000000000000000 00000000662f7d15
0x000000001294f650:   000000001294f6e0 000000001294f710
0x000000001294f660:   0000000010287128 000000001228b9e8
0x000000001294f670:   000000001626cd0a 00000000662ff090
0x000000001294f680:   0000000012010a01 000000001294f780
0x000000001294f690:   0000000012282801 00000000162793b0
0x000000001294f6a0:   0000172f00000013 0000000012010a00
0x000000001294f6b0:   0000000012295af0 000000006658ec1a 

Instructions: (pc=0x0000000066454439)
0x0000000066454419:   d2 48 8b c5 eb 18 48 8b d0 48 8b c5 48 d3 e2 48
0x0000000066454429:   03 15 81 64 6a 00 eb 06 48 8b 12 48 8b c7 48 98
0x0000000066454439:   8b 14 10 85 d2 74 2a 45 84 db 4c 63 c6 48 0f 45
0x0000000066454449:   fd 8d 47 0b 48 63 c8 48 83 e1 f8 48 c1 e9 03 8d 


Register to memory mapping:

RAX=0x000000000000000c is an unknown value
RBX=0x000000001228b800 is a thread
RCX=0x0000000000000003 is an unknown value
RDX=0x0000000000000000 is an unknown value
RSP=0x000000001294f5c0 is pointing into the stack for thread: 0x000000001228b800
RBP=0x000000000000000c is an unknown value
RSI=0x0000000000000000 is an unknown value
RDI=0x0000000000000010 is an unknown value
R8 =0x00000007aefd9c68 is an oop
java.lang.String 
 - klass: 'java/lang/String'
R9 =0x0000000000000000 is an unknown value
R10=0x0000000000000000 is an unknown value
R11=0x0000000000000001 is an unknown value
R12=0x0000000000000000 is an unknown value
R13=0x0000000012282c08 is an unknown value
R14=0x0000000000000000 is an unknown value
R15=0x0000000000000000 is an unknown value


Stack: [0x0000000012850000,0x0000000012950000],  sp=0x000000001294f5c0,  free space=1021k
Native frames: (J=compiled Java code, j=interpreted, Vv=VM code, C=native code)
V  [jvm.dll+0x54439]


---------------  P R O C E S S  ---------------

Java Threads: ( => current thread )
  0x0000000013e16800 JavaThread "Abandoned connection cleanup thread" daemon [_thread_blocked, id=12920, stack(0x0000000014850000,0x0000000014950000)]
  0x00000000132d6800 JavaThread "ReaderThread" [_thread_in_native, id=21428, stack(0x0000000013780000,0x0000000013880000)]
  0x00000000122b1000 JavaThread "Service Thread" daemon [_thread_blocked, id=12020, stack(0x0000000012d80000,0x0000000012e80000)]
  0x00000000122af000 JavaThread "C2 CompilerThread1" daemon [_thread_blocked, id=7692, stack(0x0000000012c80000,0x0000000012d80000)]
  0x00000000122ad800 JavaThread "C2 CompilerThread0" daemon [_thread_blocked, id=20776, stack(0x0000000012b80000,0x0000000012c80000)]
  0x000000001229b000 JavaThread "JDWP Command Reader" daemon [_thread_in_native, id=10424, stack(0x0000000012a50000,0x0000000012b50000)]
  0x0000000012298800 JavaThread "JDWP Event Helper Thread" daemon [_thread_blocked, id=15856, stack(0x0000000012950000,0x0000000012a50000)]
=>0x000000001228b800 JavaThread "JDWP Transport Listener: dt_socket" daemon [_thread_in_vm, id=19532, stack(0x0000000012850000,0x0000000012950000)]
  0x0000000012284800 JavaThread "Attach Listener" daemon [_thread_blocked, id=20840, stack(0x0000000012750000,0x0000000012850000)]
  0x000000001029d000 JavaThread "Signal Dispatcher" daemon [_thread_blocked, id=900, stack(0x0000000012650000,0x0000000012750000)]
  0x0000000003041800 JavaThread "Finalizer" daemon [_thread_blocked, id=3524, stack(0x0000000012150000,0x0000000012250000)]
  0x000000000303b000 JavaThread "Reference Handler" daemon [_thread_blocked, id=14160, stack(0x0000000012050000,0x0000000012150000)]
  0x0000000002f56000 JavaThread "main" [_thread_blocked, id=6364, stack(0x0000000002e50000,0x0000000002f50000)]

Other Threads:
  0x0000000010285000 VMThread [stack: 0x0000000011f50000,0x0000000012050000] [id=10416]
  0x00000000122f6800 WatcherThread [stack: 0x0000000012e80000,0x0000000012f80000] [id=16616]

VM state:not at safepoint (normal execution)

VM Mutex/Monitor currently owned by a thread: None

Heap
 PSYoungGen      total 76288K, used 70847K [0x00000007ab300000, 0x00000007b0800000, 0x0000000800000000)
  eden space 65536K, 95% used [0x00000007ab300000,0x00000007af02a708,0x00000007af300000)
  from space 10752K, 76% used [0x00000007af300000,0x00000007afb05850,0x00000007afd80000)
  to   space 10752K, 0% used [0x00000007afd80000,0x00000007afd80000,0x00000007b0800000)
 ParOldGen       total 173568K, used 72K [0x0000000701a00000, 0x000000070c380000, 0x00000007ab300000)
  object space 173568K, 0% used [0x0000000701a00000,0x0000000701a12010,0x000000070c380000)
 PSPermGen       total 22528K, used 22024K [0x00000006fc800000, 0x00000006fde00000, 0x0000000701a00000)
  object space 22528K, 97% used [0x00000006fc800000,0x00000006fdd82370,0x00000006fde00000)

Card table byte_map: [0x0000000006250000,0x0000000006a70000] byte_map_base: 0x0000000002a6c000

Polling page: 0x0000000002c40000

Code Cache  [0x0000000003250000, 0x00000000034c0000, 0x0000000006250000)
 total_blobs=650 nmethods=280 adapters=330 free_code_cache=47709Kb largest_free_block=48794816

Compilation events (10 events):
Event: 24.107 Thread 0x00000000122af000  280             java.net.URLStreamHandler::parseURL (1158 bytes)
Event: 24.109 Thread 0x00000000122ad800  281             java.util.jar.JarFile::getEntry (22 bytes)
Event: 24.113 Thread 0x00000000122ad800 nmethod 281 0x00000000033afb90 code [0x00000000033afd80, 0x00000000033b06a0]
Event: 24.113 Thread 0x00000000122ad800  282             java.util.jar.JarFile::getJarEntry (9 bytes)
Event: 24.113 Thread 0x00000000122ad800 nmethod 282 0x00000000032ae650 code [0x00000000032ae7a0, 0x00000000032ae868]
Event: 24.113 Thread 0x00000000122ad800  283   !         sun.misc.URLClassPath$JarLoader::ensureOpen (32 bytes)
Event: 24.114 Thread 0x00000000122ad800 nmethod 283 0x00000000033aa250 code [0x00000000033aa3c0, 0x00000000033aa598]
Event: 24.141 Thread 0x00000000122ad800  284             java.lang.CharacterDataLatin1::isWhitespace (23 bytes)
Event: 24.141 Thread 0x00000000122ad800 nmethod 284 0x00000000033af910 code [0x00000000033afa40, 0x00000000033afaf8]
Event: 24.151 Thread 0x00000000122af000 nmethod 280 0x00000000033bfdd0 code [0x00000000033c01a0, 0x00000000033c2d38]

GC Heap History (2 events):
Event: 1.304 GC heap before
{Heap before GC invocations=1 (full 0):
 PSYoungGen      total 76288K, used 65536K [0x00000007ab300000, 0x00000007b0800000, 0x0000000800000000)
  eden space 65536K, 100% used [0x00000007ab300000,0x00000007af300000,0x00000007af300000)
  from space 10752K, 0% used [0x00000007afd80000,0x00000007afd80000,0x00000007b0800000)
  to   space 10752K, 0% used [0x00000007af300000,0x00000007af300000,0x00000007afd80000)
 ParOldGen       total 173568K, used 0K [0x0000000701a00000, 0x000000070c380000, 0x00000007ab300000)
  object space 173568K, 0% used [0x0000000701a00000,0x0000000701a00000,0x000000070c380000)
 PSPermGen       total 21504K, used 13848K [0x00000006fc800000, 0x00000006fdd00000, 0x0000000701a00000)
  object space 21504K, 64% used [0x00000006fc800000,0x00000006fd5861d0,0x00000006fdd00000)
Event: 1.312 GC heap after
Heap after GC invocations=1 (full 0):
 PSYoungGen      total 76288K, used 8214K [0x00000007ab300000, 0x00000007b0800000, 0x0000000800000000)
  eden space 65536K, 0% used [0x00000007ab300000,0x00000007ab300000,0x00000007af300000)
  from space 10752K, 76% used [0x00000007af300000,0x00000007afb05850,0x00000007afd80000)
  to   space 10752K, 0% used [0x00000007afd80000,0x00000007afd80000,0x00000007b0800000)
 ParOldGen       total 173568K, used 72K [0x0000000701a00000, 0x000000070c380000, 0x00000007ab300000)
  object space 173568K, 0% used [0x0000000701a00000,0x0000000701a12010,0x000000070c380000)
 PSPermGen       total 21504K, used 13848K [0x00000006fc800000, 0x00000006fdd00000, 0x0000000701a00000)
  object space 21504K, 64% used [0x00000006fc800000,0x00000006fd5861d0,0x00000006fdd00000)
}

Deoptimization events (10 events):
Event: 2.006 Thread 0x0000000002f56000 Uncommon trap: reason=class_check action=maybe_recompile pc=0x0000000003396a6c method=java.util.TreeMap.put(Ljava/lang/Object;Ljava/lang/Object;)Ljava/lang/Object; @ 127
Event: 2.006 Thread 0x0000000002f56000 Uncommon trap: reason=class_check action=maybe_recompile pc=0x0000000003396a6c method=java.util.TreeMap.put(Ljava/lang/Object;Ljava/lang/Object;)Ljava/lang/Object; @ 127
Event: 2.006 Thread 0x0000000002f56000 Uncommon trap: reason=class_check action=maybe_recompile pc=0x0000000003396a6c method=java.util.TreeMap.put(Ljava/lang/Object;Ljava/lang/Object;)Ljava/lang/Object; @ 127
Event: 2.044 Thread 0x0000000002f56000 Uncommon trap: reason=predicate action=maybe_recompile pc=0x0000000003398458 method=java.util.TreeMap.put(Ljava/lang/Object;Ljava/lang/Object;)Ljava/lang/Object; @ 132
Event: 2.051 Thread 0x0000000002f56000 Uncommon trap: reason=unstable_if action=reinterpret pc=0x00000000033048b0 method=java.util.HashMap.get(Ljava/lang/Object;)Ljava/lang/Object; @ 1
Event: 2.195 Thread 0x0000000002f56000 Uncommon trap: reason=unstable_if action=reinterpret pc=0x00000000033a3904 method=javassist.bytecode.ClassFile.testExistingMethod(Ljavassist/bytecode/MethodInfo;)V @ 48
Event: 2.231 Thread 0x0000000002f56000 Uncommon trap: reason=range_check action=none pc=0x000000000331b4a4 method=sun.reflect.generics.parser.SignatureParser.current()C @ 34
Event: 2.232 Thread 0x0000000002f56000 Uncommon trap: reason=range_check action=none pc=0x000000000331b4a4 method=sun.reflect.generics.parser.SignatureParser.current()C @ 34
Event: 2.246 Thread 0x0000000002f56000 Uncommon trap: reason=unstable_if action=reinterpret pc=0x0000000003393154 method=java.lang.reflect.Method.equals(Ljava/lang/Object;)Z @ 92
Event: 2.247 Thread 0x0000000002f56000 Uncommon trap: reason=range_check action=none pc=0x000000000331b4a4 method=sun.reflect.generics.parser.SignatureParser.current()C @ 34

Internal exceptions (10 events):
Event: 40.250 Thread 0x0000000002f56000 Threw 0x00000007aef74178 at C:\re\jdk7u80\2329\hotspot\src\share\vm\prims\jvm.cpp:1319
Event: 40.252 Thread 0x0000000002f56000 Threw 0x00000007aef84f68 at C:\re\jdk7u80\2329\hotspot\src\share\vm\prims\jvm.cpp:1319
Event: 40.252 Thread 0x0000000002f56000 Threw 0x00000007aef85230 at C:\re\jdk7u80\2329\hotspot\src\share\vm\classfile\systemDictionary.cpp:185
Event: 40.253 Thread 0x0000000002f56000 Threw 0x00000007aef87f20 at C:\re\jdk7u80\2329\hotspot\src\share\vm\interpreter\interpreterRuntime.cpp:347
Event: 40.253 Thread 0x0000000002f56000 Threw 0x00000007aef89270 at C:\re\jdk7u80\2329\hotspot\src\share\vm\interpreter\interpreterRuntime.cpp:347
Event: 40.253 Thread 0x0000000002f56000 Threw 0x00000007aef8ada8 at C:\re\jdk7u80\2329\hotspot\src\share\vm\interpreter\interpreterRuntime.cpp:347
Event: 40.254 Thread 0x0000000002f56000 Threw 0x00000007aef8c970 at C:\re\jdk7u80\2329\hotspot\src\share\vm\interpreter\interpreterRuntime.cpp:347
Event: 40.256 Thread 0x0000000002f56000 Threw 0x00000007aef95f70 at C:\re\jdk7u80\2329\hotspot\src\share\vm\prims\jvm.cpp:1319
Event: 40.589 Thread 0x0000000002f56000 Threw 0x00000007aefc9c78 at C:\re\jdk7u80\2329\hotspot\src\share\vm\prims\jvm.cpp:1319
Event: 40.590 Thread 0x0000000002f56000 Threw 0x00000007aefd1690 at C:\re\jdk7u80\2329\hotspot\src\share\vm\prims\jvm.cpp:1319

Events (10 events):
Event: 71.601 Executing VM operation: GetCurrentLocation
Event: 71.601 Executing VM operation: GetCurrentLocation done
Event: 71.601 Executing VM operation: ChangeSingleStep
Event: 71.601 Executing VM operation: ChangeSingleStep done
Event: 71.602 Executing VM operation: ChangeSingleStep
Event: 71.602 Executing VM operation: ChangeSingleStep done
Event: 71.628 Executing VM operation: GetOrSetLocal
Event: 71.628 Executing VM operation: GetOrSetLocal done
Event: 71.643 Executing VM operation: GetOrSetLocal
Event: 71.643 Executing VM operation: GetOrSetLocal done


Dynamic libraries:
0x00007ff747c50000 - 0x00007ff747c83000 	C:\Program Files\Java\jdk1.7.0_80\bin\javaw.exe
0x00007fffa2720000 - 0x00007fffa2910000 	C:\Windows\SYSTEM32\ntdll.dll
0x00007fffa1b50000 - 0x00007fffa1c02000 	C:\Windows\System32\KERNEL32.DLL
0x00007fff9f6f0000 - 0x00007fff9f995000 	C:\Windows\System32\KERNELBASE.dll
0x00007fffa09a0000 - 0x00007fffa0a43000 	C:\Windows\System32\ADVAPI32.dll
0x00007fffa2590000 - 0x00007fffa262e000 	C:\Windows\System32\msvcrt.dll
0x00007fffa1c70000 - 0x00007fffa1d07000 	C:\Windows\System32\sechost.dll
0x00007fffa0880000 - 0x00007fffa099f000 	C:\Windows\System32\RPCRT4.dll
0x00007fffa0a50000 - 0x00007fffa0be4000 	C:\Windows\System32\USER32.dll
0x00007fff9fd90000 - 0x00007fff9fdb1000 	C:\Windows\System32\win32u.dll
0x00007fffa1b20000 - 0x00007fffa1b46000 	C:\Windows\System32\GDI32.dll
0x00007fff9f9a0000 - 0x00007fff9fb38000 	C:\Windows\System32\gdi32full.dll
0x00007fff9fb40000 - 0x00007fff9fbde000 	C:\Windows\System32\msvcp_win.dll
0x00007fff9ff20000 - 0x00007fffa001a000 	C:\Windows\System32\ucrtbase.dll
0x00007fff86090000 - 0x00007fff86314000 	C:\Windows\WinSxS\amd64_microsoft.windows.common-controls_6595b64144ccf1df_6.0.18362.1379_none_9e7ff3b3e45cc0c4\COMCTL32.dll
0x00007fffa1ed0000 - 0x00007fffa2207000 	C:\Windows\System32\combase.dll
0x00007fff9fe90000 - 0x00007fff9ff11000 	C:\Windows\System32\bcryptPrimitives.dll
0x00007fffa2560000 - 0x00007fffa258e000 	C:\Windows\System32\IMM32.DLL
0x00007fff6dc10000 - 0x00007fff6dcae000 	C:\Windows\INCOPS3\esdcnl64.dll
0x00007fff98420000 - 0x00007fff9842a000 	C:\Windows\SYSTEM32\VERSION.dll
0x00007fff9e590000 - 0x00007fff9e5c1000 	C:\Windows\SYSTEM32\ntmarta.dll
0x00007fff6da20000 - 0x00007fff6dafa000 	C:\Windows\INCOPS3\ESATM64.dll
0x00007fffa12f0000 - 0x00007fffa19d8000 	C:\Windows\System32\SHELL32.dll
0x00007fff9f6a0000 - 0x00007fff9f6ea000 	C:\Windows\System32\cfgmgr32.dll
0x00007fffa2630000 - 0x00007fffa26d7000 	C:\Windows\System32\shcore.dll
0x00007fffa0050000 - 0x00007fffa07cb000 	C:\Windows\System32\windows.storage.dll
0x00007fff9f5e0000 - 0x00007fff9f603000 	C:\Windows\System32\profapi.dll
0x00007fff9f650000 - 0x00007fff9f69a000 	C:\Windows\System32\powrprof.dll
0x00007fff9f5d0000 - 0x00007fff9f5e0000 	C:\Windows\System32\UMPDC.dll
0x0000000000ef0000 - 0x0000000000f42000 	C:\Windows\System32\shlwapi.dll
0x00007fff9f630000 - 0x00007fff9f641000 	C:\Windows\System32\kernel.appcore.dll
0x00007fff9fe70000 - 0x00007fff9fe87000 	C:\Windows\System32\cryptsp.dll
0x00007fffa2350000 - 0x00007fffa24a7000 	C:\Windows\System32\ole32.dll
0x00007fffa2210000 - 0x00007fffa227f000 	C:\Windows\System32\WS2_32.dll
0x00007fff779e0000 - 0x00007fff779e9000 	C:\Windows\SYSTEM32\WSOCK32.dll
0x00007fff67360000 - 0x00007fff67441000 	C:\Windows\INCOPS3\ESSCNL64.dll
0x0000000068e70000 - 0x0000000068f42000 	C:\Program Files\Java\jdk1.7.0_80\jre\bin\msvcr100.dll
0x0000000066400000 - 0x0000000066bd9000 	C:\Program Files\Java\jdk1.7.0_80\jre\bin\server\jvm.dll
0x00007fffa0cc0000 - 0x00007fffa0cc8000 	C:\Windows\System32\PSAPI.DLL
0x00007fff9aa30000 - 0x00007fff9aa54000 	C:\Windows\SYSTEM32\WINMM.dll
0x00007fff9aa00000 - 0x00007fff9aa2d000 	C:\Windows\SYSTEM32\WINMMBASE.dll
0x0000000068e60000 - 0x0000000068e6f000 	C:\Program Files\Java\jdk1.7.0_80\jre\bin\verify.dll
0x00000000663d0000 - 0x00000000663f8000 	C:\Program Files\Java\jdk1.7.0_80\jre\bin\java.dll
0x00000000662f0000 - 0x0000000066325000 	C:\Program Files\Java\jdk1.7.0_80\jre\bin\jdwp.dll
0x00000000662e0000 - 0x00000000662e8000 	C:\Program Files\Java\jdk1.7.0_80\jre\bin\npt.dll
0x00000000663b0000 - 0x00000000663c6000 	C:\Program Files\Java\jdk1.7.0_80\jre\bin\zip.dll
0x00000000662d0000 - 0x00000000662d9000 	C:\Program Files\Java\jdk1.7.0_80\jre\bin\dt_socket.dll
0x00007fff778a0000 - 0x00007fff778b6000 	C:\Windows\system32\napinsp.dll
0x00007fff77880000 - 0x00007fff7789a000 	C:\Windows\system32\pnrpnsp.dll
0x00007fff9edc0000 - 0x00007fff9ee27000 	C:\Windows\System32\mswsock.dll
0x00007fff9eb20000 - 0x00007fff9ebeb000 	C:\Windows\SYSTEM32\DNSAPI.dll
0x00007fffa2530000 - 0x00007fffa2538000 	C:\Windows\System32\NSI.dll
0x00007fff9eae0000 - 0x00007fff9eb1a000 	C:\Windows\SYSTEM32\IPHLPAPI.DLL
0x00007fff77830000 - 0x00007fff7783e000 	C:\Windows\System32\winrnr.dll
0x00007fff9b6c0000 - 0x00007fff9b6dc000 	C:\Windows\system32\NLAapi.dll
0x00007fff9aa60000 - 0x00007fff9aa75000 	C:\Windows\system32\wshbth.dll
0x00007fff966e0000 - 0x00007fff96757000 	C:\Windows\System32\fwpuclnt.dll
0x00007fffa0020000 - 0x00007fffa0046000 	C:\Windows\System32\bcrypt.dll
0x00007fff98410000 - 0x00007fff9841a000 	C:\Windows\System32\rasadhlp.dll
0x0000000066390000 - 0x00000000663aa000 	C:\Program Files\Java\jdk1.7.0_80\jre\bin\net.dll
0x0000000066370000 - 0x0000000066381000 	C:\Program Files\Java\jdk1.7.0_80\jre\bin\nio.dll
0x00007fff9de40000 - 0x00007fff9e034000 	C:\Windows\SYSTEM32\dbghelp.dll

VM Arguments:
jvm_args: -agentlib:jdwp=transport=dt_socket,suspend=y,address=localhost:53973 -Dfile.encoding=UTF-8 
java_command: org.eclipse.jdt.internal.junit.runner.RemoteTestRunner -version 3 -port 53972 -testLoaderClass org.eclipse.jdt.internal.junit4.runner.JUnit4TestLoader -loaderpluginname org.eclipse.jdt.junit4.runtime -classNames com.bizentro.unimes.tracking.testcase.service.common.codemanage.CodeTest
Launcher Type: SUN_STANDARD

Environment Variables:
JAVA_HOME=C:\Program Files\Java\jdk1.7.0_80
PATH=C:\Program Files\Java\jdk1.7.0_80\jre\bin;C:/Program Files/AdoptOpenJDK/jdk-11.0.10.9-hotspot/bin/client;C:/Program Files/AdoptOpenJDK/jdk-11.0.10.9-hotspot/bin;C:\Program Files\AdoptOpenJDK\jdk-11.0.10.9-hotspot\bin;C:\Windows\system32;C:\Windows;C:\Windows\System32\Wbem;C:\Windows\System32\WindowsPowerShell\v1.0\;C:\Windows\System32\OpenSSH\;C:\Program Files\Intel\WiFi\bin\;C:\Program Files\Common Files\Intel\WirelessCommon\;C:\Program Files (x86)\NVIDIA Corporation\PhysX\Common;C:\Program Files\NVIDIA Corporation\NVIDIA NvDLISR;C:\Program Files (x86)\Microsoft SQL Server\140\Tools\Binn\;C:\Program Files\Microsoft SQL Server\140\Tools\Binn\;C:\Program Files (x86)\Microsoft SQL Server\140\DTS\Binn\;C:\Program Files\Microsoft SQL Server\140\DTS\Binn\;C:\Program Files\Microsoft SQL Server\Client SDK\ODBC\130\Tools\Binn\;C:\Users\user\.dnx\bin;C:\Program Files\Microsoft DNX\Dnvm\;C:\Program Files\Microsoft SQL Server\130\Tools\Binn\;C:\Program Files (x86)\Microsoft SQL Server\150\DTS\Binn\;C:\Program Files\Azure Data Studio\bin;D:\Git\cmd;D:\apache-maven-3.6.3\bin;C:\Program Files\Java\jdk1.7.0_80\bin;C:\Program Files\MySQL\MySQL Utilities 1.6\;C:\Users\user\AppData\Local\Microsoft\WindowsApps;C:\Program Files\JetBrains\PyCharm Community Edition 2020.3.2\bin;C:\Program Files\Azure Data Studio\bin;C:\Program Files\Java\jdk1.7.0_80\bin;C:\Users\user\AppData\Local\Programs\Microsoft VS Code\bin;D:\eGovFrameDev-3.6.0-64bit\eclipse;
USERNAME=user
OS=Windows_NT
PROCESSOR_IDENTIFIER=Intel64 Family 6 Model 142 Stepping 12, GenuineIntel



---------------  S Y S T E M  ---------------

OS: Windows 8.1 , 64 bit Build 9600 

CPU:total 8 (4 cores per cpu, 2 threads per core) family 6 model 142 stepping 12, cmov, cx8, fxsr, mmx, sse, sse2, sse3, ssse3, sse4.1, sse4.2, popcnt, avx, avx2, aes, erms, ht, tsc, tscinvbit

Memory: 4k page, physical 16666096k(8434132k free), swap 19156464k(5372076k free)

vm_info: Java HotSpot(TM) 64-Bit Server VM (24.80-b11) for windows-amd64 JRE (1.7.0_80-b15), built on Apr 10 2015 11:26:34 by "java_re" with unknown MS VC++:1600

time: Fri Mar 05 19:34:55 2021
elapsed time: 71 seconds

